<?xml version="1.0" encoding="UTF-8"?>
<!-- Generated by org.testng.reporters.JUnitXMLReporter -->
<testsuite ignored="0" hostname="G-TIGER" failures="0" tests="8" name="Automated UI Functional Tests" time="75.539" errors="0" timestamp="2026-09-26T15:35:08 IDT">
  <testcase classname="com.saucedemo.tests.SearchTests" name="invalidSortValue" time="7.883"/>
  <testcase classname="com.saucedemo.tests.SearchTests" name="searchWithNoMatch" time="9.658"/>
  <testcase classname="com.saucedemo.tests.SearchTests" name="emptySearch" time="4.938"/>
  <testcase classname="com.saucedemo.tests.SearchTests" name="searchIgnoresCase" time="4.553"/>
  <testcase classname="com.saucedemo.tests.SearchTests" name="searchFullProductName" time="4.56"/>
  <testcase classname="com.saucedemo.tests.SearchTests" name="searchWithScriptText" time="9.538"/>
  <testcase classname="com.saucedemo.tests.RemoveTests" name="TC_CHK_07_emptyCartHasNoCheckout" time="3.86"/>
  <testcase classname="com.saucedemo.tests.RemoveTests" name="removeOnlyItem" time="16.519"/>
</testsuite> <!-- Automated UI Functional Tests -->
