<?xml version="1.0" encoding="UTF-8"?>
<!-- Generated by org.testng.reporters.JUnitReportReporter -->
<testsuite hostname="G-TIGER" failures="0" tests="2" name="com.saucedemo.tests.RemoveTests" time="23.379" errors="0" timestamp="2026-09-26T15:35:08 IDT" skipped="0">
  <testcase classname="com.saucedemo.tests.RemoveTests" name="TC_CHK_07_emptyCartHasNoCheckout" time="5.345"/>
  <testcase classname="com.saucedemo.tests.RemoveTests" name="removeOnlyItem" time="18.034"/>
</testsuite> <!-- com.saucedemo.tests.RemoveTests -->
