<?xml version="1.0" encoding="UTF-8"?>
<!-- Generated by org.testng.reporters.JUnitReportReporter -->
<testsuite hostname="G-TIGER" failures="0" tests="6" name="com.saucedemo.tests.SearchTests" time="52.111" errors="0" timestamp="2026-09-26T15:35:08 IDT" skipped="0">
  <testcase classname="com.saucedemo.tests.SearchTests" name="invalidSortValue" time="9.367"/>
  <testcase classname="com.saucedemo.tests.SearchTests" name="searchWithNoMatch" time="11.209"/>
  <testcase classname="com.saucedemo.tests.SearchTests" name="emptySearch" time="6.446"/>
  <testcase classname="com.saucedemo.tests.SearchTests" name="searchIgnoresCase" time="6.095"/>
  <testcase classname="com.saucedemo.tests.SearchTests" name="searchFullProductName" time="7.840"/>
  <testcase classname="com.saucedemo.tests.SearchTests" name="searchWithScriptText" time="11.154"/>
</testsuite> <!-- com.saucedemo.tests.SearchTests -->
