<?xml version="1.0" encoding="UTF-8"?>
<!-- Generated by org.testng.reporters.JUnitXMLReporter -->
<testsuite ignored="0" hostname="G-TIGER" failures="0" tests="6" name="Default test" time="53.93" errors="0" timestamp="2026-09-26T15:29:04 IDT">
  <testcase classname="com.saucedemo.tests.SearchTests" name="invalidSortValue" time="7.849"/>
  <testcase classname="com.saucedemo.tests.SearchTests" name="searchWithNoMatch" time="9.7"/>
  <testcase classname="com.saucedemo.tests.SearchTests" name="emptySearch" time="4.937"/>
  <testcase classname="com.saucedemo.tests.SearchTests" name="searchIgnoresCase" time="5.057"/>
  <testcase classname="com.saucedemo.tests.SearchTests" name="searchFullProductName" time="4.958"/>
  <testcase classname="com.saucedemo.tests.SearchTests" name="searchWithScriptText" time="9.91"/>
</testsuite> <!-- Default test -->
